0 info it worked if it ends with ok
1 verbose cli [ '/usr/local/bin/node', '/usr/local/bin/npm', 'install' ]
2 info using npm@3.10.10
3 info using node@v6.17.1
4 silly loadCurrentTree Starting
5 silly install loadCurrentTree
6 silly install readLocalPackageData
7 silly install normalizeTree
8 silly loadCurrentTree Finishing
9 silly loadIdealTree Starting
10 silly install loadIdealTree
11 silly cloneCurrentTree Starting
12 silly install cloneCurrentTreeToIdealTree
13 silly cloneCurrentTree Finishing
14 silly loadShrinkwrap Starting
15 silly install loadShrinkwrap
16 silly loadShrinkwrap Finishing
17 silly loadAllDepsIntoIdealTree Starting
18 silly install loadAllDepsIntoIdealTree
19 silly fetchNamedPackageData vite
20 silly mapToRegistry name vite
21 silly mapToRegistry using default registry
22 silly mapToRegistry registry https://registry.npmjs.org/
23 silly mapToRegistry data Result {
23 silly mapToRegistry   raw: 'vite',
23 silly mapToRegistry   scope: null,
23 silly mapToRegistry   escapedName: 'vite',
23 silly mapToRegistry   name: 'vite',
23 silly mapToRegistry   rawSpec: '',
23 silly mapToRegistry   spec: 'latest',
23 silly mapToRegistry   type: 'tag' }
24 silly mapToRegistry uri https://registry.npmjs.org/vite
25 verbose request uri https://registry.npmjs.org/vite
26 verbose request no auth needed
27 info attempt registry request try #1 at 6:00:38 PM
28 verbose request id c921e1c462c921ea
29 http request GET https://registry.npmjs.org/vite
30 http 200 https://registry.npmjs.org/vite
31 verbose headers { date: 'Sun, 25 Jul 2021 18:00:15 GMT',
31 verbose headers   'content-type': 'application/json',
31 verbose headers   'transfer-encoding': 'chunked',
31 verbose headers   connection: 'keep-alive',
31 verbose headers   'cf-ray': '67474967ba8d0baf-DFW',
31 verbose headers   age: '4204',
31 verbose headers   'cache-control': 'public, max-age=300',
31 verbose headers   etag: 'W/"d5ee5170ce68685f2946cee505202ea9"',
31 verbose headers   'last-modified': 'Tue, 20 Jul 2021 11:52:52 GMT',
31 verbose headers   vary: 'accept-encoding, accept',
31 verbose headers   'cf-cache-status': 'HIT',
31 verbose headers   'expect-ct': 'max-age=604800, report-uri="https://report-uri.cloudflare.com/cdn-cgi/beacon/expect-ct"',
31 verbose headers   'x-amz-replication-status': 'COMPLETED',
31 verbose headers   server: 'cloudflare',
31 verbose headers   'content-encoding': 'gzip' }
32 silly get cb [ 200,
32 silly get   { date: 'Sun, 25 Jul 2021 18:00:15 GMT',
32 silly get     'content-type': 'application/json',
32 silly get     'transfer-encoding': 'chunked',
32 silly get     connection: 'keep-alive',
32 silly get     'cf-ray': '67474967ba8d0baf-DFW',
32 silly get     age: '4204',
32 silly get     'cache-control': 'public, max-age=300',
32 silly get     etag: 'W/"d5ee5170ce68685f2946cee505202ea9"',
32 silly get     'last-modified': 'Tue, 20 Jul 2021 11:52:52 GMT',
32 silly get     vary: 'accept-encoding, accept',
32 silly get     'cf-cache-status': 'HIT',
32 silly get     'expect-ct': 'max-age=604800, report-uri="https://report-uri.cloudflare.com/cdn-cgi/beacon/expect-ct"',
32 silly get     'x-amz-replication-status': 'COMPLETED',
32 silly get     server: 'cloudflare',
32 silly get     'content-encoding': 'gzip' } ]
33 verbose get saving vite to /home/vagrant/.npm/registry.npmjs.org/vite/.cache.json
34 verbose correctMkdir /home/vagrant/.npm correctMkdir not in flight; initializing
35 silly resolveWithNewModule vite@2.4.3 checking installable status
36 silly cache add args [ 'vite@^2.4.3', null ]
37 verbose cache add spec vite@^2.4.3
38 silly cache add parsed spec Result {
38 silly cache add   raw: 'vite@^2.4.3',
38 silly cache add   scope: null,
38 silly cache add   escapedName: 'vite',
38 silly cache add   name: 'vite',
38 silly cache add   rawSpec: '^2.4.3',
38 silly cache add   spec: '>=2.4.3 <3.0.0',
38 silly cache add   type: 'range' }
39 silly addNamed vite@>=2.4.3 <3.0.0
40 verbose addNamed ">=2.4.3 <3.0.0" is a valid semver range for vite
41 silly addNameRange { name: 'vite', range: '>=2.4.3 <3.0.0', hasData: false }
42 silly mapToRegistry name vite
43 silly mapToRegistry using default registry
44 silly mapToRegistry registry https://registry.npmjs.org/
45 silly mapToRegistry data Result {
45 silly mapToRegistry   raw: 'vite',
45 silly mapToRegistry   scope: null,
45 silly mapToRegistry   escapedName: 'vite',
45 silly mapToRegistry   name: 'vite',
45 silly mapToRegistry   rawSpec: '',
45 silly mapToRegistry   spec: 'latest',
45 silly mapToRegistry   type: 'tag' }
46 silly mapToRegistry uri https://registry.npmjs.org/vite
47 verbose addNameRange registry:https://registry.npmjs.org/vite not in flight; fetching
48 verbose get https://registry.npmjs.org/vite not expired, no request
49 silly addNameRange number 2 { name: 'vite', range: '>=2.4.3 <3.0.0', hasData: true }
50 silly addNameRange versions [ 'vite',
50 silly addNameRange   [ '0.1.0',
50 silly addNameRange     '0.1.1',
50 silly addNameRange     '0.1.2',
50 silly addNameRange     '0.2.0',
50 silly addNameRange     '0.3.0',
50 silly addNameRange     '0.3.1',
50 silly addNameRange     '0.3.2',
50 silly addNameRange     '0.4.0',
50 silly addNameRange     '0.5.0',
50 silly addNameRange     '0.5.1',
50 silly addNameRange     '0.5.2',
50 silly addNameRange     '0.5.3',
50 silly addNameRange     '0.6.0',
50 silly addNameRange     '0.6.1',
50 silly addNameRange     '0.7.0',
50 silly addNameRange     '0.8.0',
50 silly addNameRange     '0.8.1',
50 silly addNameRange     '0.9.0',
50 silly addNameRange     '0.9.1',
50 silly addNameRange     '0.10.0',
50 silly addNameRange     '0.10.1',
50 silly addNameRange     '0.10.2',
50 silly addNameRange     '0.10.3',
50 silly addNameRange     '0.11.0',
50 silly addNameRange     '0.11.1',
50 silly addNameRange     '0.11.2',
50 silly addNameRange     '0.11.3',
50 silly addNameRange     '0.11.4',
50 silly addNameRange     '0.11.5',
50 silly addNameRange     '0.12.0',
50 silly addNameRange     '0.13.0',
50 silly addNameRange     '0.13.1',
50 silly addNameRange     '0.13.2',
50 silly addNameRange     '0.14.0',
50 silly addNameRange     '0.14.1',
50 silly addNameRange     '0.14.2',
50 silly addNameRange     '0.14.3',
50 silly addNameRange     '0.14.4',
50 silly addNameRange     '0.15.0',
50 silly addNameRange     '0.15.1',
50 silly addNameRange     '0.15.2',
50 silly addNameRange     '0.15.3',
50 silly addNameRange     '0.15.4',
50 silly addNameRange     '0.15.5',
50 silly addNameRange     '0.15.6',
50 silly addNameRange     '0.16.0',
50 silly addNameRange     '0.16.1',
50 silly addNameRange     '0.16.2',
50 silly addNameRange     '0.16.3',
50 silly addNameRange     '0.16.4',
50 silly addNameRange     '0.16.5',
50 silly addNameRange     '0.16.6',
50 silly addNameRange     '0.16.7',
50 silly addNameRange     '0.16.8',
50 silly addNameRange     '0.16.9',
50 silly addNameRange     '0.16.10',
50 silly addNameRange     '0.16.11',
50 silly addNameRange     '0.16.12',
50 silly addNameRange     '0.17.0',
50 silly addNameRange     '0.17.1',
50 silly addNameRange     '0.17.2',
50 silly addNameRange     '0.18.0',
50 silly addNameRange     '0.18.1',
50 silly addNameRange     '0.19.0',
50 silly addNameRange     '0.19.1',
50 silly addNameRange     '0.19.2',
50 silly addNameRange     '0.19.3',
50 silly addNameRange     '0.20.0',
50 silly addNameRange     '0.20.1',
50 silly addNameRange     '0.20.2',
50 silly addNameRange     '0.20.3',
50 silly addNameRange     '0.20.4',
50 silly addNameRange     '0.20.5',
50 silly addNameRange     '0.20.6',
50 silly addNameRange     '0.20.7',
50 silly addNameRange     '0.20.8',
50 silly addNameRange     '0.20.9',
50 silly addNameRange     '0.20.10',
50 silly addNameRange     '1.0.0-beta.1',
50 silly addNameRange     '1.0.0-beta.2',
50 silly addNameRange     '1.0.0-beta.3',
50 silly addNameRange     '1.0.0-beta.4',
50 silly addNameRange     '1.0.0-beta.5',
50 silly addNameRange     '1.0.0-beta.6',
50 silly addNameRange     '1.0.0-beta.7',
50 silly addNameRange     '1.0.0-beta.8',
50 silly addNameRange     '1.0.0-beta.9',
50 silly addNameRange     '1.0.0-beta.10',
50 silly addNameRange     '1.0.0-beta.11',
50 silly addNameRange     '1.0.0-beta.12',
50 silly addNameRange     '1.0.0-rc.1',
50 silly addNameRange     '1.0.0-rc.2',
50 silly addNameRange     '1.0.0-rc.3',
50 silly addNameRange     '1.0.0-rc.4',
50 silly addNameRange     '1.0.0-rc.5',
50 silly addNameRange     '1.0.0-rc.6',
50 silly addNameRange     '1.0.0-rc.7',
50 silly addNameRange     '1.0.0-rc.8',
50 silly addNameRange     '1.0.0-rc.9',
50 silly addNameRange     '1.0.0-rc.10',
50 silly addNameRange     ... 112 more items ] ]
51 silly addNamed vite@2.4.3
52 verbose addNamed "2.4.3" is a plain semver version for vite
53 silly mapToRegistry name vite
54 silly mapToRegistry using default registry
55 silly mapToRegistry registry https://registry.npmjs.org/
56 silly mapToRegistry data Result {
56 silly mapToRegistry   raw: 'vite',
56 silly mapToRegistry   scope: null,
56 silly mapToRegistry   escapedName: 'vite',
56 silly mapToRegistry   name: 'vite',
56 silly mapToRegistry   rawSpec: '',
56 silly mapToRegistry   spec: 'latest',
56 silly mapToRegistry   type: 'tag' }
57 silly mapToRegistry uri https://registry.npmjs.org/vite
58 verbose addRemoteTarball https://registry.npmjs.org/vite/-/vite-2.4.3.tgz not in flight; adding
59 verbose addRemoteTarball [ 'https://registry.npmjs.org/vite/-/vite-2.4.3.tgz',
59 verbose addRemoteTarball   'fe4aa78e9dd7d36bcb12eccbd52313b26cfadf77' ]
60 info retry fetch attempt 1 at 6:00:40 PM
61 info attempt registry request try #1 at 6:00:40 PM
62 http fetch GET https://registry.npmjs.org/vite/-/vite-2.4.3.tgz
63 http fetch 200 https://registry.npmjs.org/vite/-/vite-2.4.3.tgz
64 silly fetchAndShaCheck shasum fe4aa78e9dd7d36bcb12eccbd52313b26cfadf77
65 verbose addTmpTarball /tmp/npm-12048-dbeaaebb/registry.npmjs.org/vite/-/vite-2.4.3.tgz not in flight; adding
66 verbose addTmpTarball already have metadata; skipping unpack for vite@2.4.3
67 verbose correctMkdir /home/vagrant/.npm correctMkdir not in flight; initializing
68 silly cache afterAdd vite@2.4.3
69 verbose afterAdd /home/vagrant/.npm/vite/2.4.3/package/package.json not in flight; writing
70 verbose correctMkdir /home/vagrant/.npm correctMkdir not in flight; initializing
71 verbose afterAdd /home/vagrant/.npm/vite/2.4.3/package/package.json written
72 silly fetchNamedPackageData esbuild
73 silly mapToRegistry name esbuild
74 silly mapToRegistry using default registry
75 silly mapToRegistry registry https://registry.npmjs.org/
76 silly mapToRegistry data Result {
76 silly mapToRegistry   raw: 'esbuild',
76 silly mapToRegistry   scope: null,
76 silly mapToRegistry   escapedName: 'esbuild',
76 silly mapToRegistry   name: 'esbuild',
76 silly mapToRegistry   rawSpec: '',
76 silly mapToRegistry   spec: 'latest',
76 silly mapToRegistry   type: 'tag' }
77 silly mapToRegistry uri https://registry.npmjs.org/esbuild
78 silly fetchNamedPackageData fsevents
79 silly mapToRegistry name fsevents
80 silly mapToRegistry using default registry
81 silly mapToRegistry registry https://registry.npmjs.org/
82 silly mapToRegistry data Result {
82 silly mapToRegistry   raw: 'fsevents',
82 silly mapToRegistry   scope: null,
82 silly mapToRegistry   escapedName: 'fsevents',
82 silly mapToRegistry   name: 'fsevents',
82 silly mapToRegistry   rawSpec: '',
82 silly mapToRegistry   spec: 'latest',
82 silly mapToRegistry   type: 'tag' }
83 silly mapToRegistry uri https://registry.npmjs.org/fsevents
84 verbose request uri https://registry.npmjs.org/esbuild
85 verbose request no auth needed
86 info attempt registry request try #1 at 6:00:41 PM
87 http request GET https://registry.npmjs.org/esbuild
88 verbose request uri https://registry.npmjs.org/fsevents
89 verbose request no auth needed
90 info attempt registry request try #1 at 6:00:41 PM
91 http request GET https://registry.npmjs.org/fsevents
92 http 200 https://registry.npmjs.org/esbuild
93 verbose headers { date: 'Sun, 25 Jul 2021 18:00:17 GMT',
93 verbose headers   'content-type': 'application/json',
93 verbose headers   'transfer-encoding': 'chunked',
93 verbose headers   connection: 'keep-alive',
93 verbose headers   'cf-ray': '67474977adce0baf-DFW',
93 verbose headers   age: '7092',
93 verbose headers   'cache-control': 'public, max-age=300',
93 verbose headers   etag: 'W/"80a40cf7796a5eea0d374ce353600fa6"',
93 verbose headers   'last-modified': 'Tue, 06 Jul 2021 04:26:25 GMT',
93 verbose headers   vary: 'accept-encoding, accept',
93 verbose headers   'cf-cache-status': 'HIT',
93 verbose headers   'expect-ct': 'max-age=604800, report-uri="https://report-uri.cloudflare.com/cdn-cgi/beacon/expect-ct"',
93 verbose headers   server: 'cloudflare',
93 verbose headers   'content-encoding': 'gzip' }
94 silly get cb [ 200,
94 silly get   { date: 'Sun, 25 Jul 2021 18:00:17 GMT',
94 silly get     'content-type': 'application/json',
94 silly get     'transfer-encoding': 'chunked',
94 silly get     connection: 'keep-alive',
94 silly get     'cf-ray': '67474977adce0baf-DFW',
94 silly get     age: '7092',
94 silly get     'cache-control': 'public, max-age=300',
94 silly get     etag: 'W/"80a40cf7796a5eea0d374ce353600fa6"',
94 silly get     'last-modified': 'Tue, 06 Jul 2021 04:26:25 GMT',
94 silly get     vary: 'accept-encoding, accept',
94 silly get     'cf-cache-status': 'HIT',
94 silly get     'expect-ct': 'max-age=604800, report-uri="https://report-uri.cloudflare.com/cdn-cgi/beacon/expect-ct"',
94 silly get     server: 'cloudflare',
94 silly get     'content-encoding': 'gzip' } ]
95 verbose get saving esbuild to /home/vagrant/.npm/registry.npmjs.org/esbuild/.cache.json
96 verbose correctMkdir /home/vagrant/.npm correctMkdir not in flight; initializing
97 silly resolveWithNewModule esbuild@0.12.15 checking installable status
98 silly cache add args [ 'esbuild@^0.12.8', null ]
99 verbose cache add spec esbuild@^0.12.8
100 silly cache add parsed spec Result {
100 silly cache add   raw: 'esbuild@^0.12.8',
100 silly cache add   scope: null,
100 silly cache add   escapedName: 'esbuild',
100 silly cache add   name: 'esbuild',
100 silly cache add   rawSpec: '^0.12.8',
100 silly cache add   spec: '>=0.12.8 <0.13.0',
100 silly cache add   type: 'range' }
101 silly addNamed esbuild@>=0.12.8 <0.13.0
102 verbose addNamed ">=0.12.8 <0.13.0" is a valid semver range for esbuild
103 silly addNameRange { name: 'esbuild', range: '>=0.12.8 <0.13.0', hasData: false }
104 silly mapToRegistry name esbuild
105 silly mapToRegistry using default registry
106 silly mapToRegistry registry https://registry.npmjs.org/
107 silly mapToRegistry data Result {
107 silly mapToRegistry   raw: 'esbuild',
107 silly mapToRegistry   scope: null,
107 silly mapToRegistry   escapedName: 'esbuild',
107 silly mapToRegistry   name: 'esbuild',
107 silly mapToRegistry   rawSpec: '',
107 silly mapToRegistry   spec: 'latest',
107 silly mapToRegistry   type: 'tag' }
108 silly mapToRegistry uri https://registry.npmjs.org/esbuild
109 verbose addNameRange registry:https://registry.npmjs.org/esbuild not in flight; fetching
110 verbose get https://registry.npmjs.org/esbuild not expired, no request
111 silly addNameRange number 2 { name: 'esbuild', range: '>=0.12.8 <0.13.0', hasData: true }
112 silly addNameRange versions [ 'esbuild',
112 silly addNameRange   [ '0.0.0',
112 silly addNameRange     '0.0.11',
112 silly addNameRange     '0.0.12',
112 silly addNameRange     '0.0.13',
112 silly addNameRange     '0.0.14',
112 silly addNameRange     '0.0.4',
112 silly addNameRange     '0.0.15',
112 silly addNameRange     '0.0.16',
112 silly addNameRange     '0.1.0',
112 silly addNameRange     '0.1.1',
112 silly addNameRange     '0.1.2',
112 silly addNameRange     '0.1.3',
112 silly addNameRange     '0.1.4',
112 silly addNameRange     '0.1.5',
112 silly addNameRange     '0.1.6',
112 silly addNameRange     '0.1.7',
112 silly addNameRange     '0.1.8',
112 silly addNameRange     '0.1.9',
112 silly addNameRange     '0.1.10',
112 silly addNameRange     '0.1.11',
112 silly addNameRange     '0.1.12',
112 silly addNameRange     '0.1.13',
112 silly addNameRange     '0.1.14',
112 silly addNameRange     '0.1.15',
112 silly addNameRange     '0.1.16',
112 silly addNameRange     '0.1.17',
112 silly addNameRange     '0.1.18',
112 silly addNameRange     '0.1.19',
112 silly addNameRange     '0.1.20',
112 silly addNameRange     '0.1.21',
112 silly addNameRange     '0.1.22',
112 silly addNameRange     '0.1.23',
112 silly addNameRange     '0.1.24',
112 silly addNameRange     '0.1.25',
112 silly addNameRange     '0.1.26',
112 silly addNameRange     '0.2.0',
112 silly addNameRange     '0.2.1',
112 silly addNameRange     '0.2.2',
112 silly addNameRange     '0.2.3',
112 silly addNameRange     '0.2.4',
112 silly addNameRange     '0.2.5',
112 silly addNameRange     '0.2.6',
112 silly addNameRange     '0.2.7',
112 silly addNameRange     '0.2.8',
112 silly addNameRange     '0.2.9',
112 silly addNameRange     '0.2.10',
112 silly addNameRange     '0.2.11',
112 silly addNameRange     '0.2.12',
112 silly addNameRange     '0.3.0',
112 silly addNameRange     '0.3.1',
112 silly addNameRange     '0.3.2',
112 silly addNameRange     '0.3.3',
112 silly addNameRange     '0.3.4',
112 silly addNameRange     '0.3.5',
112 silly addNameRange     '0.3.6',
112 silly addNameRange     '0.3.7',
112 silly addNameRange     '0.3.8',
112 silly addNameRange     '0.3.9',
112 silly addNameRange     '0.4.0',
112 silly addNameRange     '0.4.1',
112 silly addNameRange     '0.4.2',
112 silly addNameRange     '0.4.3',
112 silly addNameRange     '0.4.4',
112 silly addNameRange     '0.4.5',
112 silly addNameRange     '0.4.6',
112 silly addNameRange     '0.4.7',
112 silly addNameRange     '0.4.8',
112 silly addNameRange     '0.4.9',
112 silly addNameRange     '0.4.10',
112 silly addNameRange     '0.4.11',
112 silly addNameRange     '0.4.12',
112 silly addNameRange     '0.4.13',
112 silly addNameRange     '0.4.14',
112 silly addNameRange     '0.5.0',
112 silly addNameRange     '0.5.1',
112 silly addNameRange     '0.5.2',
112 silly addNameRange     '0.5.3',
112 silly addNameRange     '0.5.4',
112 silly addNameRange     '0.5.5',
112 silly addNameRange     '0.5.6',
112 silly addNameRange     '0.5.7',
112 silly addNameRange     '0.5.8',
112 silly addNameRange     '0.5.9',
112 silly addNameRange     '0.5.10',
112 silly addNameRange     '0.5.11',
112 silly addNameRange     '0.5.12',
112 silly addNameRange     '0.5.13',
112 silly addNameRange     '0.5.14',
112 silly addNameRange     '0.5.15',
112 silly addNameRange     '0.5.16',
112 silly addNameRange     '0.5.17',
112 silly addNameRange     '0.5.18',
112 silly addNameRange     '0.5.19',
112 silly addNameRange     '0.5.20',
112 silly addNameRange     '0.5.21',
112 silly addNameRange     '0.5.22',
112 silly addNameRange     '0.5.23',
112 silly addNameRange     '0.5.24',
112 silly addNameRange     '0.5.25',
112 silly addNameRange     '0.5.26',
112 silly addNameRange     ... 167 more items ] ]
113 silly addNamed esbuild@0.12.15
114 verbose addNamed "0.12.15" is a plain semver version for esbuild
115 silly mapToRegistry name esbuild
116 silly mapToRegistry using default registry
117 silly mapToRegistry registry https://registry.npmjs.org/
118 silly mapToRegistry data Result {
118 silly mapToRegistry   raw: 'esbuild',
118 silly mapToRegistry   scope: null,
118 silly mapToRegistry   escapedName: 'esbuild',
118 silly mapToRegistry   name: 'esbuild',
118 silly mapToRegistry   rawSpec: '',
118 silly mapToRegistry   spec: 'latest',
118 silly mapToRegistry   type: 'tag' }
119 silly mapToRegistry uri https://registry.npmjs.org/esbuild
120 verbose addRemoteTarball https://registry.npmjs.org/esbuild/-/esbuild-0.12.15.tgz not in flight; adding
121 verbose addRemoteTarball [ 'https://registry.npmjs.org/esbuild/-/esbuild-0.12.15.tgz',
121 verbose addRemoteTarball   '9d99cf39aeb2188265c5983e983e236829f08af0' ]
122 info retry fetch attempt 1 at 6:00:41 PM
123 info attempt registry request try #1 at 6:00:41 PM
124 http fetch GET https://registry.npmjs.org/esbuild/-/esbuild-0.12.15.tgz
125 http 200 https://registry.npmjs.org/fsevents
126 verbose headers { date: 'Sun, 25 Jul 2021 18:00:17 GMT',
126 verbose headers   'content-type': 'application/json',
126 verbose headers   'transfer-encoding': 'chunked',
126 verbose headers   connection: 'keep-alive',
126 verbose headers   'cf-ray': '67474977e86c2f85-DFW',
126 verbose headers   age: '356',
126 verbose headers   'cache-control': 'public, max-age=300',
126 verbose headers   etag: 'W/"897b89cb36d39b1e4f3706e4aaceba9b"',
126 verbose headers   'last-modified': 'Fri, 05 Feb 2021 14:46:37 GMT',
126 verbose headers   vary: 'accept-encoding, accept',
126 verbose headers   'cf-cache-status': 'HIT',
126 verbose headers   'expect-ct': 'max-age=604800, report-uri="https://report-uri.cloudflare.com/cdn-cgi/beacon/expect-ct"',
126 verbose headers   server: 'cloudflare',
126 verbose headers   'content-encoding': 'gzip' }
127 silly get cb [ 200,
127 silly get   { date: 'Sun, 25 Jul 2021 18:00:17 GMT',
127 silly get     'content-type': 'application/json',
127 silly get     'transfer-encoding': 'chunked',
127 silly get     connection: 'keep-alive',
127 silly get     'cf-ray': '67474977e86c2f85-DFW',
127 silly get     age: '356',
127 silly get     'cache-control': 'public, max-age=300',
127 silly get     etag: 'W/"897b89cb36d39b1e4f3706e4aaceba9b"',
127 silly get     'last-modified': 'Fri, 05 Feb 2021 14:46:37 GMT',
127 silly get     vary: 'accept-encoding, accept',
127 silly get     'cf-cache-status': 'HIT',
127 silly get     'expect-ct': 'max-age=604800, report-uri="https://report-uri.cloudflare.com/cdn-cgi/beacon/expect-ct"',
127 silly get     server: 'cloudflare',
127 silly get     'content-encoding': 'gzip' } ]
128 verbose get saving fsevents to /home/vagrant/.npm/registry.npmjs.org/fsevents/.cache.json
129 verbose correctMkdir /home/vagrant/.npm correctMkdir not in flight; initializing
130 silly resolveWithNewModule fsevents@2.3.2 checking installable status
131 http fetch 200 https://registry.npmjs.org/esbuild/-/esbuild-0.12.15.tgz
132 silly fetchAndShaCheck shasum 9d99cf39aeb2188265c5983e983e236829f08af0
133 verbose addTmpTarball /tmp/npm-12048-dbeaaebb/registry.npmjs.org/esbuild/-/esbuild-0.12.15.tgz not in flight; adding
134 verbose addTmpTarball already have metadata; skipping unpack for esbuild@0.12.15
135 verbose correctMkdir /home/vagrant/.npm correctMkdir not in flight; initializing
136 silly cache afterAdd esbuild@0.12.15
137 verbose afterAdd /home/vagrant/.npm/esbuild/0.12.15/package/package.json not in flight; writing
138 verbose correctMkdir /home/vagrant/.npm correctMkdir not in flight; initializing
139 verbose afterAdd /home/vagrant/.npm/esbuild/0.12.15/package/package.json written
140 silly fetchNamedPackageData fsevents
141 silly mapToRegistry name fsevents
142 silly mapToRegistry using default registry
143 silly mapToRegistry registry https://registry.npmjs.org/
144 silly mapToRegistry data Result {
144 silly mapToRegistry   raw: 'fsevents',
144 silly mapToRegistry   scope: null,
144 silly mapToRegistry   escapedName: 'fsevents',
144 silly mapToRegistry   name: 'fsevents',
144 silly mapToRegistry   rawSpec: '',
144 silly mapToRegistry   spec: 'latest',
144 silly mapToRegistry   type: 'tag' }
145 silly mapToRegistry uri https://registry.npmjs.org/fsevents
146 silly resolveWithNewModule fsevents@2.3.2 checking installable status
147 silly loadAllDepsIntoIdealTree Finishing
148 silly loadIdealTree Finishing
149 silly currentTree website_3d@0.0.0
149 silly currentTree ├── colorette@1.2.2
149 silly currentTree ├── cross-env@7.0.3
149 silly currentTree ├── cross-spawn@7.0.3
149 silly currentTree ├── function-bind@1.1.1
149 silly currentTree ├── has@1.0.3
149 silly currentTree ├── is-core-module@2.5.0
149 silly currentTree ├── isexe@2.0.0
149 silly currentTree ├── nanoid@3.1.23
149 silly currentTree ├── path-key@3.1.1
149 silly currentTree ├── path-parse@1.0.7
149 silly currentTree ├── postcss@8.3.6
149 silly currentTree ├── resolve@1.20.0
149 silly currentTree ├── rollup@2.54.0
149 silly currentTree ├── shebang-command@2.0.0
149 silly currentTree ├── shebang-regex@3.0.0
149 silly currentTree ├── source-map-js@0.6.2
149 silly currentTree ├── three@0.130.1
149 silly currentTree └── which@2.0.2
150 silly idealTree website_3d@0.0.0
150 silly idealTree ├── colorette@1.2.2
150 silly idealTree ├── cross-env@7.0.3
150 silly idealTree ├── cross-spawn@7.0.3
150 silly idealTree ├── esbuild@0.12.15
150 silly idealTree ├── function-bind@1.1.1
150 silly idealTree ├── has@1.0.3
150 silly idealTree ├── is-core-module@2.5.0
150 silly idealTree ├── isexe@2.0.0
150 silly idealTree ├── nanoid@3.1.23
150 silly idealTree ├── path-key@3.1.1
150 silly idealTree ├── path-parse@1.0.7
150 silly idealTree ├── postcss@8.3.6
150 silly idealTree ├── resolve@1.20.0
150 silly idealTree ├── rollup@2.54.0
150 silly idealTree ├── shebang-command@2.0.0
150 silly idealTree ├── shebang-regex@3.0.0
150 silly idealTree ├── source-map-js@0.6.2
150 silly idealTree ├── three@0.130.1
150 silly idealTree ├── vite@2.4.3
150 silly idealTree └── which@2.0.2
151 silly generateActionsToTake Starting
152 silly install generateActionsToTake
153 silly generateActionsToTake Finishing
154 silly diffTrees action count 2
155 silly diffTrees add esbuild@0.12.15
156 silly diffTrees add vite@2.4.3
157 silly decomposeActions action count 16
158 silly decomposeActions fetch esbuild@0.12.15
159 silly decomposeActions extract esbuild@0.12.15
160 silly decomposeActions test esbuild@0.12.15
161 silly decomposeActions preinstall esbuild@0.12.15
162 silly decomposeActions build esbuild@0.12.15
163 silly decomposeActions install esbuild@0.12.15
164 silly decomposeActions postinstall esbuild@0.12.15
165 silly decomposeActions finalize esbuild@0.12.15
166 silly decomposeActions fetch vite@2.4.3
167 silly decomposeActions extract vite@2.4.3
168 silly decomposeActions test vite@2.4.3
169 silly decomposeActions preinstall vite@2.4.3
170 silly decomposeActions build vite@2.4.3
171 silly decomposeActions install vite@2.4.3
172 silly decomposeActions postinstall vite@2.4.3
173 silly decomposeActions finalize vite@2.4.3
174 silly runTopLevelLifecycles Starting
175 silly install runPreinstallTopLevelLifecycles
176 silly preinstall website_3d@0.0.0 /home/vagrant/website_3d/website_3d-9906eb8d
177 info lifecycle website_3d@0.0.0~preinstall: website_3d@0.0.0
178 silly lifecycle website_3d@0.0.0~preinstall: no script for preinstall, continuing
179 silly executeActions Starting
180 silly install executeActions
181 silly doSerial global-install 0
182 silly doParallel fetch 2
183 verbose correctMkdir /home/vagrant/.npm/_locks correctMkdir not in flight; initializing
184 verbose lock using /home/vagrant/.npm/_locks/staging-8e121ac6897d255a.lock for /home/vagrant/website_3d/node_modules/.staging
185 silly doParallel extract 2
186 silly extract esbuild@0.12.15
187 silly extract vite@2.4.3
188 verbose unbuild node_modules/.staging/esbuild-dcabbf06
189 verbose unbuild node_modules/.staging/vite-3616735f
190 silly gentlyRm /home/vagrant/website_3d/node_modules/.staging/esbuild-dcabbf06 is being purged from base /home/vagrant/website_3d
191 verbose gentlyRm don't care about contents; nuking /home/vagrant/website_3d/node_modules/.staging/esbuild-dcabbf06
192 silly gentlyRm /home/vagrant/website_3d/node_modules/.staging/vite-3616735f is being purged from base /home/vagrant/website_3d
193 verbose gentlyRm don't care about contents; nuking /home/vagrant/website_3d/node_modules/.staging/vite-3616735f
194 verbose tar unpack /home/vagrant/.npm/esbuild/0.12.15/package.tgz
195 verbose tar unpacking to /home/vagrant/website_3d/node_modules/.staging/esbuild-dcabbf06
196 silly gentlyRm /home/vagrant/website_3d/node_modules/.staging/esbuild-dcabbf06 is being purged
197 verbose gentlyRm don't care about contents; nuking /home/vagrant/website_3d/node_modules/.staging/esbuild-dcabbf06
198 verbose tar unpack /home/vagrant/.npm/vite/2.4.3/package.tgz
199 verbose tar unpacking to /home/vagrant/website_3d/node_modules/.staging/vite-3616735f
200 silly gentlyRm /home/vagrant/website_3d/node_modules/.staging/vite-3616735f is being purged
201 verbose gentlyRm don't care about contents; nuking /home/vagrant/website_3d/node_modules/.staging/vite-3616735f
202 silly gunzTarPerm modes [ '755', '644' ]
203 silly gunzTarPerm modes [ '755', '644' ]
204 silly gunzTarPerm extractEntry bin/esbuild
205 silly gunzTarPerm extractEntry
206 silly gunzTarPerm extractEntry install.js
207 silly gunzTarPerm extractEntry lib/main.js
208 silly gunzTarPerm extractEntry CHANGELOG.md
209 silly gunzTarPerm extractEntry LICENSE.md
210 silly gunzTarPerm extractEntry package.json
211 silly gunzTarPerm extractEntry README.md
212 silly gunzTarPerm extractEntry lib/main.d.ts
213 silly gunzTarPerm extractEntry README.md
214 silly gunzTarPerm extractEntry api-extractor.json
215 silly gunzTarPerm extractEntry bin
216 silly gunzTarPerm extractEntry client.d.ts
217 silly gunzTarPerm extractEntry dist
218 silly gunzTarPerm extractEntry package.json
219 silly gunzTarPerm extractEntry rollup.config.js
220 silly gunzTarPerm extractEntry scripts
221 silly gunzTarPerm extractEntry src
222 silly gunzTarPerm extractEntry tsconfig.base.json
223 silly gunzTarPerm extractEntry types
224 silly gunzTarPerm extractEntry bin/openChrome.applescript
225 silly gunzTarPerm extractEntry bin/vite.js
226 silly gunzTarPerm extractEntry dist/client
227 silly gunzTarPerm extractEntry dist/node
228 silly gunzTarPerm extractEntry scripts/patchTypes.js
229 silly gunzTarPerm extractEntry src/client
230 silly gunzTarPerm extractEntry src/node
231 silly gunzTarPerm extractEntry types/alias.d.ts
232 silly gunzTarPerm extractEntry types/chokidar.d.ts
233 silly gunzTarPerm extractEntry types/clean-css.d.ts
234 silly gentlyRm /home/vagrant/website_3d/node_modules/.staging/esbuild-dcabbf06/node_modules is being purged
235 verbose gentlyRm don't care about contents; nuking /home/vagrant/website_3d/node_modules/.staging/esbuild-dcabbf06/node_modules
236 silly gunzTarPerm extractEntry types/commonjs.d.ts
237 silly gunzTarPerm extractEntry types/connect.d.ts
238 silly gunzTarPerm extractEntry types/customEvent.d.ts
239 silly gunzTarPerm extractEntry types/dynamicImportVars.d.ts
240 silly gunzTarPerm extractEntry types/hmrPayload.d.ts
241 silly gunzTarPerm extractEntry types/http-proxy.d.ts
242 silly gunzTarPerm extractEntry types/importMeta.d.ts
243 silly gunzTarPerm extractEntry types/shims.d.ts
244 silly gunzTarPerm extractEntry types/terser.d.ts
245 silly gunzTarPerm extractEntry dist/client/client.mjs
246 silly gunzTarPerm extractEntry dist/client/client.mjs.map
247 silly gunzTarPerm extractEntry dist/client/env.mjs
248 silly gunzTarPerm extractEntry dist/client/env.mjs.map
249 silly gunzTarPerm extractEntry dist/node/chunks
250 silly gunzTarPerm extractEntry dist/node/cli.js
251 silly gunzTarPerm extractEntry dist/node/cli.js.map
252 silly gunzTarPerm extractEntry dist/node/index.d.ts
253 silly gunzTarPerm extractEntry dist/node/index.js
254 silly gunzTarPerm extractEntry dist/node/index.js.map
255 silly gunzTarPerm extractEntry dist/node/terser.js
256 silly gunzTarPerm extractEntry dist/node/terser.js.map
257 silly gunzTarPerm extractEntry src/client/client.ts
258 silly gunzTarPerm extractEntry src/client/env.ts
259 silly gunzTarPerm extractEntry src/client/overlay.ts
260 silly gunzTarPerm extractEntry src/client/tsconfig.json
261 silly gunzTarPerm extractEntry src/node/__tests__
262 silly gunzTarPerm extractEntry src/node/build.ts
263 silly gunzTarPerm extractEntry src/node/cli.ts
264 silly gunzTarPerm extractEntry src/node/config.ts
265 silly gunzTarPerm extractEntry src/node/constants.ts
266 silly gunzTarPerm extractEntry src/node/importGlob.ts
267 silly gunzTarPerm extractEntry src/node/index.ts
268 silly gunzTarPerm extractEntry src/node/logger.ts
269 silly gunzTarPerm extractEntry src/node/optimizer
270 silly gunzTarPerm extractEntry src/node/plugin.ts
271 silly gunzTarPerm extractEntry src/node/plugins
272 silly gunzTarPerm extractEntry src/node/preview.ts
273 silly gunzTarPerm extractEntry src/node/server
274 silly gunzTarPerm extractEntry src/node/ssr
275 silly gunzTarPerm extractEntry src/node/tsconfig.json
276 silly gunzTarPerm extractEntry src/node/utils.ts
277 silly gunzTarPerm extractEntry dist/node/chunks/dep-0a2c02a1.js
278 silly gunzTarPerm extractEntry dist/node/chunks/dep-0a2c02a1.js.map
279 silly gunzTarPerm extractEntry dist/node/chunks/dep-1dea722c.js
280 silly gunzTarPerm extractEntry dist/node/chunks/dep-1dea722c.js.map
281 silly gunzTarPerm extractEntry dist/node/chunks/dep-43a9f0cd.js
282 silly gunzTarPerm extractEntry dist/node/chunks/dep-43a9f0cd.js.map
283 silly gunzTarPerm extractEntry dist/node/chunks/dep-569e28e4.js
284 silly gunzTarPerm extractEntry dist/node/chunks/dep-569e28e4.js.map
285 silly gunzTarPerm extractEntry dist/node/chunks/dep-ce137e33.js
286 silly gunzTarPerm extractEntry dist/node/chunks/dep-ce137e33.js.map
287 silly gunzTarPerm extractEntry dist/node/chunks/dep-db1fd2af.js
288 silly gunzTarPerm extractEntry dist/node/chunks/dep-db1fd2af.js.map
289 silly gunzTarPerm extractEntry dist/node/chunks/dep-f2b4ca46.js
290 silly gunzTarPerm extractEntry dist/node/chunks/dep-f2b4ca46.js.map
291 silly gunzTarPerm extractEntry src/node/__tests__/build.spec.ts
292 silly gunzTarPerm extractEntry src/node/__tests__/config.spec.ts
293 silly gunzTarPerm extractEntry src/node/__tests__/plugins
294 silly gunzTarPerm extractEntry src/node/__tests__/scan.spec.ts
295 silly gunzTarPerm extractEntry src/node/__tests__/utils.spec.ts
296 silly gunzTarPerm extractEntry src/node/optimizer/esbuildDepPlugin.ts
297 silly gunzTarPerm extractEntry src/node/optimizer/index.ts
298 silly gunzTarPerm extractEntry src/node/optimizer/registerMissing.ts
299 silly gunzTarPerm extractEntry src/node/optimizer/scan.ts
300 silly gunzTarPerm extractEntry src/node/plugins/asset.ts
301 silly gunzTarPerm extractEntry src/node/plugins/assetImportMetaUrl.ts
302 silly gunzTarPerm extractEntry src/node/plugins/clientInjections.ts
303 silly gunzTarPerm extractEntry src/node/plugins/css.ts
304 silly gunzTarPerm extractEntry src/node/plugins/dataUri.ts
305 silly gunzTarPerm extractEntry src/node/plugins/define.ts
306 silly gunzTarPerm extractEntry src/node/plugins/dynamicImportPolyfill.ts
307 silly gunzTarPerm extractEntry src/node/plugins/esbuild.ts
308 silly gunzTarPerm extractEntry src/node/plugins/html.ts
309 silly gunzTarPerm extractEntry src/node/plugins/importAnalysis.ts
310 silly gunzTarPerm extractEntry src/node/plugins/importAnalysisBuild.ts
311 silly gunzTarPerm extractEntry src/node/plugins/index.ts
312 silly gunzTarPerm extractEntry src/node/plugins/json.ts
313 silly gunzTarPerm extractEntry src/node/plugins/manifest.ts
314 silly gunzTarPerm extractEntry src/node/plugins/preAlias.ts
315 silly gunzTarPerm extractEntry src/node/plugins/reporter.ts
316 silly gunzTarPerm extractEntry src/node/plugins/resolve.ts
317 silly gunzTarPerm extractEntry src/node/plugins/terser.ts
318 silly gunzTarPerm extractEntry src/node/plugins/wasm.ts
319 silly gunzTarPerm extractEntry src/node/plugins/worker.ts
320 silly gunzTarPerm extractEntry src/node/server/__tests__
321 silly gunzTarPerm extractEntry src/node/server/hmr.ts
322 silly gunzTarPerm extractEntry src/node/server/http.ts
323 silly gunzTarPerm extractEntry src/node/server/index.ts
324 silly gunzTarPerm extractEntry src/node/server/middlewares
325 silly gunzTarPerm extractEntry src/node/server/moduleGraph.ts
326 silly gunzTarPerm extractEntry src/node/server/openBrowser.ts
327 silly gunzTarPerm extractEntry src/node/server/pluginContainer.ts
328 silly gunzTarPerm extractEntry src/node/server/searchRoot.ts
329 silly gunzTarPerm extractEntry src/node/server/send.ts
330 silly gunzTarPerm extractEntry src/node/server/sourcemap.ts
331 silly gunzTarPerm extractEntry src/node/server/transformRequest.ts
332 silly gunzTarPerm extractEntry src/node/server/ws.ts
333 silly gunzTarPerm extractEntry src/node/ssr/__tests__
334 silly gunzTarPerm extractEntry src/node/ssr/ssrExternal.ts
335 silly gunzTarPerm extractEntry src/node/ssr/ssrManifestPlugin.ts
336 silly gunzTarPerm extractEntry src/node/ssr/ssrModuleLoader.ts
337 silly gunzTarPerm extractEntry src/node/ssr/ssrStacktrace.ts
338 silly gunzTarPerm extractEntry src/node/ssr/ssrTransform.ts
339 silly gunzTarPerm extractEntry src/node/__tests__/plugins/css.spec.ts
340 silly gunzTarPerm extractEntry src/node/server/__tests__/fixtures
341 silly gunzTarPerm extractEntry src/node/server/__tests__/search-root.spec.ts
342 silly gunzTarPerm extractEntry src/node/server/middlewares/base.ts
343 silly gunzTarPerm extractEntry src/node/server/middlewares/decodeURI.ts
344 silly gunzTarPerm extractEntry src/node/server/middlewares/error.ts
345 silly gunzTarPerm extractEntry src/node/server/middlewares/indexHtml.ts
346 silly gunzTarPerm extractEntry src/node/server/middlewares/proxy.ts
347 silly gunzTarPerm extractEntry src/node/server/middlewares/static.ts
348 silly gunzTarPerm extractEntry src/node/server/middlewares/time.ts
349 silly gunzTarPerm extractEntry src/node/server/middlewares/transform.ts
350 silly gunzTarPerm extractEntry src/node/ssr/__tests__/ssrTransform.spec.ts
351 silly gunzTarPerm extractEntry src/node/server/__tests__/fixtures/none
352 silly gunzTarPerm extractEntry src/node/server/__tests__/fixtures/pnpm
353 silly gunzTarPerm extractEntry src/node/server/__tests__/fixtures/yarn
354 silly gunzTarPerm extractEntry src/node/server/__tests__/fixtures/none/nested
355 silly gunzTarPerm extractEntry src/node/server/__tests__/fixtures/pnpm/nested
356 silly gunzTarPerm extractEntry src/node/server/__tests__/fixtures/pnpm/package.json
357 silly gunzTarPerm extractEntry src/node/server/__tests__/fixtures/pnpm/pnpm-workspace.yaml
358 silly gunzTarPerm extractEntry src/node/server/__tests__/fixtures/yarn/nested
359 silly gunzTarPerm extractEntry src/node/server/__tests__/fixtures/yarn/package.json
360 silly gunzTarPerm extractEntry src/node/server/__tests__/fixtures/none/nested/package.json
361 silly gunzTarPerm extractEntry src/node/server/__tests__/fixtures/pnpm/nested/package.json
362 silly gunzTarPerm extractEntry src/node/server/__tests__/fixtures/yarn/nested/package.json
363 silly gentlyRm /home/vagrant/website_3d/node_modules/.staging/vite-3616735f/node_modules is being purged
364 verbose gentlyRm don't care about contents; nuking /home/vagrant/website_3d/node_modules/.staging/vite-3616735f/node_modules
365 silly doParallel preinstall 2
366 silly preinstall esbuild@0.12.15 /home/vagrant/website_3d/node_modules/.staging/esbuild-dcabbf06
367 info lifecycle esbuild@0.12.15~preinstall: esbuild@0.12.15
368 silly preinstall vite@2.4.3 /home/vagrant/website_3d/node_modules/.staging/vite-3616735f
369 info lifecycle vite@2.4.3~preinstall: vite@2.4.3
370 silly lifecycle esbuild@0.12.15~preinstall: no script for preinstall, continuing
371 silly lifecycle vite@2.4.3~preinstall: no script for preinstall, continuing
372 silly doReverseSerial remove 0
373 silly doSerial move 0
374 silly doSerial finalize 2
375 silly finalize /home/vagrant/website_3d/node_modules/esbuild
376 silly finalize /home/vagrant/website_3d/node_modules/vite
377 silly doSerial build 2
378 silly build esbuild@0.12.15
379 info linkStuff esbuild@0.12.15
380 silly linkStuff esbuild@0.12.15 has /home/vagrant/website_3d/node_modules as its parent node_modules
381 verbose linkBins esbuild@0.12.15
382 verbose link bins [ { esbuild: 'bin/esbuild' },
382 verbose link bins   '/home/vagrant/website_3d/node_modules/.bin',
382 verbose link bins   false ]
383 verbose linkMans esbuild@0.12.15
384 silly build vite@2.4.3
385 info linkStuff vite@2.4.3
386 silly linkStuff vite@2.4.3 has /home/vagrant/website_3d/node_modules as its parent node_modules
387 verbose linkBins vite@2.4.3
388 verbose link bins [ { vite: 'bin/vite.js' },
388 verbose link bins   '/home/vagrant/website_3d/node_modules/.bin',
388 verbose link bins   false ]
389 verbose linkMans vite@2.4.3
390 silly doSerial global-link 0
391 silly doParallel update-linked 0
392 silly doSerial install 2
393 silly install esbuild@0.12.15 /home/vagrant/website_3d/node_modules/.staging/esbuild-dcabbf06
394 info lifecycle esbuild@0.12.15~install: esbuild@0.12.15
395 silly lifecycle esbuild@0.12.15~install: no script for install, continuing
396 silly install vite@2.4.3 /home/vagrant/website_3d/node_modules/.staging/vite-3616735f
397 info lifecycle vite@2.4.3~install: vite@2.4.3
398 silly lifecycle vite@2.4.3~install: no script for install, continuing
399 silly doSerial postinstall 2
400 silly postinstall esbuild@0.12.15 /home/vagrant/website_3d/node_modules/.staging/esbuild-dcabbf06
401 info lifecycle esbuild@0.12.15~postinstall: esbuild@0.12.15
402 verbose lifecycle esbuild@0.12.15~postinstall: unsafe-perm in lifecycle false
403 verbose lifecycle esbuild@0.12.15~postinstall: PATH: /usr/local/lib/node_modules/npm/bin/node-gyp-bin:/home/vagrant/website_3d/node_modules/esbuild/node_modules/.bin:/home/vagrant/website_3d/node_modules/.bin:/usr/local/sbin:/usr/local/bin:/usr/sbin:/usr/bin:/sbin:/bin:/snap/bin
404 verbose lifecycle esbuild@0.12.15~postinstall: CWD: /home/vagrant/website_3d/node_modules/esbuild
405 silly lifecycle esbuild@0.12.15~postinstall: Args: [ '-c', 'node install.js' ]
406 silly lifecycle esbuild@0.12.15~postinstall: Returned: code: 1  signal: null
407 info lifecycle esbuild@0.12.15~postinstall: Failed to exec postinstall script
408 verbose unlock done using /home/vagrant/.npm/_locks/staging-8e121ac6897d255a.lock for /home/vagrant/website_3d/node_modules/.staging
409 silly rollbackFailedOptional Starting
410 silly rollbackFailedOptional Finishing
411 silly runTopLevelLifecycles Finishing
412 silly install printInstalled
413 warn optional SKIPPING OPTIONAL DEPENDENCY: fsevents@~2.3.2 (node_modules/vite/node_modules/fsevents):
414 warn notsup SKIPPING OPTIONAL DEPENDENCY: Unsupported platform for fsevents@2.3.2: wanted {"os":"darwin","arch":"any"} (current: {"os":"linux","arch":"x64"})
415 verbose notsup SKIPPING OPTIONAL DEPENDENCY: Valid OS:    darwin
415 verbose notsup SKIPPING OPTIONAL DEPENDENCY: Valid Arch:  any
415 verbose notsup SKIPPING OPTIONAL DEPENDENCY: Actual OS:   linux
415 verbose notsup SKIPPING OPTIONAL DEPENDENCY: Actual Arch: x64
416 warn optional SKIPPING OPTIONAL DEPENDENCY: fsevents@~2.3.2 (node_modules/rollup/node_modules/fsevents):
417 warn notsup SKIPPING OPTIONAL DEPENDENCY: Unsupported platform for fsevents@2.3.2: wanted {"os":"darwin","arch":"any"} (current: {"os":"linux","arch":"x64"})
418 verbose notsup SKIPPING OPTIONAL DEPENDENCY: Valid OS:    darwin
418 verbose notsup SKIPPING OPTIONAL DEPENDENCY: Valid Arch:  any
418 verbose notsup SKIPPING OPTIONAL DEPENDENCY: Actual OS:   linux
418 verbose notsup SKIPPING OPTIONAL DEPENDENCY: Actual Arch: x64
419 warn website_3d@0.0.0 No description
420 verbose If you need help, you may report this error at:
420 verbose     <https://github.com/npm/npm/issues>
421 warn website_3d@0.0.0 No repository field.
422 verbose If you need help, you may report this error at:
422 verbose     <https://github.com/npm/npm/issues>
423 warn website_3d@0.0.0 No license field.
424 verbose If you need help, you may report this error at:
424 verbose     <https://github.com/npm/npm/issues>
425 verbose stack Error: esbuild@0.12.15 postinstall: `node install.js`
425 verbose stack Exit status 1
425 verbose stack     at EventEmitter.<anonymous> (/usr/local/lib/node_modules/npm/lib/utils/lifecycle.js:255:16)
425 verbose stack     at emitTwo (events.js:106:13)
425 verbose stack     at EventEmitter.emit (events.js:191:7)
425 verbose stack     at ChildProcess.<anonymous> (/usr/local/lib/node_modules/npm/lib/utils/spawn.js:40:14)
425 verbose stack     at emitTwo (events.js:106:13)
425 verbose stack     at ChildProcess.emit (events.js:191:7)
425 verbose stack     at maybeClose (internal/child_process.js:920:16)
425 verbose stack     at Process.ChildProcess._handle.onexit (internal/child_process.js:230:5)
426 verbose pkgid esbuild@0.12.15
427 verbose cwd /home/vagrant/website_3d
428 error Linux 4.4.0-148-generic
429 error argv "/usr/local/bin/node" "/usr/local/bin/npm" "install"
430 error node v6.17.1
431 error npm  v3.10.10
432 error code ELIFECYCLE
433 error esbuild@0.12.15 postinstall: `node install.js`
433 error Exit status 1
434 error Failed at the esbuild@0.12.15 postinstall script 'node install.js'.
434 error Make sure you have the latest version of node.js and npm installed.
434 error If you do, this is most likely a problem with the esbuild package,
434 error not with npm itself.
434 error Tell the author that this fails on your system:
434 error     node install.js
434 error You can get information on how to open an issue for this project with:
434 error     npm bugs esbuild
434 error Or if that isn't available, you can get their info via:
434 error     npm owner ls esbuild
434 error There is likely additional logging output above.
435 verbose exit [ 1, true ]
